<?xml version="1.0" encoding="UTF-8"?>
<!-- Generated by org.testng.reporters.JUnitXMLReporter -->
<testsuite ignored="0" hostname="Ajjappanavar" failures="0" tests="3" name="Default test" time="13.07" errors="0" timestamp="2026-01-27T20:06:34 IST">
  <testcase classname="NewTest.TC_027" name="verifyingtheapplicationinallbrowsers" time="4.907"/>
  <testcase classname="NewTest.TC_027" name="verifyingtheapplicationinallbrowsers" time="4.061"/>
  <testcase classname="NewTest.TC_027" name="verifyingtheapplicationinallbrowsers" time="4.063"/>
</testsuite> <!-- Default test -->
